<?xml version="1.0" encoding="UTF-8"?>
<!-- Generated by org.testng.reporters.JUnitReportReporter -->
<testsuite hostname="LTP-APL-04966" failures="0" tests="4" name="api.test.UserTests2" time="8.078" errors="0" timestamp="2024-02-07T22:23:43 IST" skipped="0">
  <testcase classname="api.test.UserTests2" name="testPostUser" time="3.196"/>
  <testcase classname="api.test.UserTests2" name="testGetUserByName" time="1.228"/>
  <testcase classname="api.test.UserTests2" name="testUpdateUserByName" time="2.453"/>
  <testcase classname="api.test.UserTests2" name="testDeleteUserByName" time="1.201"/>
</testsuite> <!-- api.test.UserTests2 -->
