<?xml version="1.0" encoding="UTF-8"?>
<!-- Generated by org.testng.reporters.JUnitReportReporter -->
<testsuite hostname="LTP-APL-04966" failures="0" tests="4" name="api.test.UserTests" time="12.222" errors="0" timestamp="2024-02-06T23:10:22 IST" skipped="0">
  <testcase classname="api.test.UserTests" name="testPostUser" time="4.325"/>
  <testcase classname="api.test.UserTests" name="testGetUserByName" time="2.206"/>
  <testcase classname="api.test.UserTests" name="testUpdateUserByName" time="3.747"/>
  <testcase classname="api.test.UserTests" name="testDeleteUserByName" time="1.944"/>
</testsuite> <!-- api.test.UserTests -->
